E:\VS_TEST\TTC_4-3-4\SRC\API\WINDOWS_API\DTC_10_16_1\DEBUG\BITSOP.OBJ
E:\VS_TEST\TTC_4-3-4\SRC\API\WINDOWS_API\DTC_10_16_1\DEBUG\MD5.OBJ
E:\VS_TEST\TTC_4-3-4\SRC\API\WINDOWS_API\DTC_10_16_1\DEBUG\VALUE.OBJ
E:\VS_TEST\TTC_4-3-4\SRC\API\WINDOWS_API\DTC_10_16_1\DEBUG\VC110.PDB
E:\VS_TEST\TTC_4-3-4\SRC\API\WINDOWS_API\DTC_10_16_1\DEBUG\BUFFER.OBJ
E:\VS_TEST\TTC_4-3-4\SRC\API\WINDOWS_API\DTC_10_16_1\DEBUG\COMPRESS.OBJ
E:\VS_TEST\TTC_4-3-4\SRC\API\WINDOWS_API\DTC_10_16_1\DEBUG\FIELD.OBJ
E:\VS_TEST\TTC_4-3-4\SRC\API\WINDOWS_API\DTC_10_16_1\DEBUG\FIELD_API.OBJ
E:\VS_TEST\TTC_4-3-4\SRC\API\WINDOWS_API\DTC_10_16_1\DEBUG\INDECODE.OBJ
E:\VS_TEST\TTC_4-3-4\SRC\API\WINDOWS_API\DTC_10_16_1\DEBUG\JAVA_DTC_COMM.OBJ
E:\VS_TEST\TTC_4-3-4\SRC\API\WINDOWS_API\DTC_10_16_1\DEBUG\JAVA_DTC_REQUEST.OBJ
E:\VS_TEST\TTC_4-3-4\SRC\API\WINDOWS_API\DTC_10_16_1\DEBUG\JAVA_DTC_RESULT.OBJ
E:\VS_TEST\TTC_4-3-4\SRC\API\WINDOWS_API\DTC_10_16_1\DEBUG\JAVA_DTC_SERVER.OBJ
E:\VS_TEST\TTC_4-3-4\SRC\API\WINDOWS_API\DTC_10_16_1\DEBUG\KEYLIST.OBJ
E:\VS_TEST\TTC_4-3-4\SRC\API\WINDOWS_API\DTC_10_16_1\DEBUG\PACKET_BASE.OBJ
E:\VS_TEST\TTC_4-3-4\SRC\API\WINDOWS_API\DTC_10_16_1\DEBUG\PACKET_CLIENT.OBJ
E:\VS_TEST\TTC_4-3-4\SRC\API\WINDOWS_API\DTC_10_16_1\DEBUG\SECTION.OBJ
E:\VS_TEST\TTC_4-3-4\SRC\API\WINDOWS_API\DTC_10_16_1\DEBUG\SOCKADDR.OBJ
E:\VS_TEST\TTC_4-3-4\SRC\API\WINDOWS_API\DTC_10_16_1\DEBUG\TABLEDEF.OBJ
E:\VS_TEST\TTC_4-3-4\SRC\API\WINDOWS_API\DTC_10_16_1\DEBUG\TASK_BASE.OBJ
E:\VS_TEST\TTC_4-3-4\SRC\API\WINDOWS_API\DTC_10_16_1\DEBUG\TASK_CONST.OBJ
E:\VS_TEST\TTC_4-3-4\SRC\API\WINDOWS_API\DTC_10_16_1\DEBUG\TTCREQ.OBJ
E:\VS_TEST\TTC_4-3-4\SRC\API\WINDOWS_API\DTC_10_16_1\DEBUG\TTCSRV.OBJ
E:\VS_TEST\TTC_4-3-4\SRC\API\WINDOWS_API\DTC_10_16_1\DEBUG\TTCWRAP.OBJ
E:\VS_TEST\TTC_4-3-4\SRC\API\WINDOWS_API\DEBUG\_DTC_JAVA_API.ILK
E:\VS_TEST\TTC_4-3-4\SRC\API\WINDOWS_API\DEBUG\_DTC_JAVA_API.DLL
E:\VS_TEST\TTC_4-3-4\SRC\API\WINDOWS_API\DEBUG\_DTC_JAVA_API.PDB
E:\vs_test\ttc_4-3-4\src\api\windows_api\Debug\_dtc_java_api.lib
E:\vs_test\ttc_4-3-4\src\api\windows_api\Debug\_dtc_java_api.exp
E:\vs_test\ttc_4-3-4\src\api\windows_api\dtc_10_16_1\Debug\bitsop.obj
E:\vs_test\ttc_4-3-4\src\api\windows_api\dtc_10_16_1\Debug\buffer.obj
E:\vs_test\ttc_4-3-4\src\api\windows_api\dtc_10_16_1\Debug\compress.obj
E:\vs_test\ttc_4-3-4\src\api\windows_api\dtc_10_16_1\Debug\field.obj
E:\vs_test\ttc_4-3-4\src\api\windows_api\dtc_10_16_1\Debug\field_api.obj
E:\vs_test\ttc_4-3-4\src\api\windows_api\dtc_10_16_1\Debug\indecode.obj
E:\vs_test\ttc_4-3-4\src\api\windows_api\dtc_10_16_1\Debug\java_dtc_comm.obj
E:\vs_test\ttc_4-3-4\src\api\windows_api\dtc_10_16_1\Debug\java_dtc_request.obj
E:\vs_test\ttc_4-3-4\src\api\windows_api\dtc_10_16_1\Debug\java_dtc_result.obj
E:\vs_test\ttc_4-3-4\src\api\windows_api\dtc_10_16_1\Debug\java_dtc_server.obj
E:\vs_test\ttc_4-3-4\src\api\windows_api\dtc_10_16_1\Debug\keylist.obj
E:\vs_test\ttc_4-3-4\src\api\windows_api\dtc_10_16_1\Debug\md5.obj
E:\vs_test\ttc_4-3-4\src\api\windows_api\dtc_10_16_1\Debug\packet_base.obj
E:\vs_test\ttc_4-3-4\src\api\windows_api\dtc_10_16_1\Debug\packet_client.obj
E:\vs_test\ttc_4-3-4\src\api\windows_api\dtc_10_16_1\Debug\section.obj
E:\vs_test\ttc_4-3-4\src\api\windows_api\dtc_10_16_1\Debug\sockaddr.obj
E:\vs_test\ttc_4-3-4\src\api\windows_api\dtc_10_16_1\Debug\tabledef.obj
E:\vs_test\ttc_4-3-4\src\api\windows_api\dtc_10_16_1\Debug\task_base.obj
E:\vs_test\ttc_4-3-4\src\api\windows_api\dtc_10_16_1\Debug\task_const.obj
E:\vs_test\ttc_4-3-4\src\api\windows_api\dtc_10_16_1\Debug\ttcreq.obj
E:\vs_test\ttc_4-3-4\src\api\windows_api\dtc_10_16_1\Debug\ttcsrv.obj
E:\vs_test\ttc_4-3-4\src\api\windows_api\dtc_10_16_1\Debug\ttcwrap.obj
E:\vs_test\ttc_4-3-4\src\api\windows_api\dtc_10_16_1\Debug\value.obj
E:\vs_test\ttc_4-3-4\src\api\windows_api\dtc_10_16_1\Debug\cl.command.1.tlog
E:\vs_test\ttc_4-3-4\src\api\windows_api\dtc_10_16_1\Debug\CL.read.1.tlog
E:\vs_test\ttc_4-3-4\src\api\windows_api\dtc_10_16_1\Debug\CL.write.1.tlog
E:\vs_test\ttc_4-3-4\src\api\windows_api\dtc_10_16_1\Debug\link-cvtres.read.1.tlog
E:\vs_test\ttc_4-3-4\src\api\windows_api\dtc_10_16_1\Debug\link-cvtres.write.1.tlog
E:\vs_test\ttc_4-3-4\src\api\windows_api\dtc_10_16_1\Debug\link-rc.read.1.tlog
E:\vs_test\ttc_4-3-4\src\api\windows_api\dtc_10_16_1\Debug\link-rc.write.1.tlog
E:\vs_test\ttc_4-3-4\src\api\windows_api\dtc_10_16_1\Debug\link.command.1.tlog
E:\vs_test\ttc_4-3-4\src\api\windows_api\dtc_10_16_1\Debug\link.read.1.tlog
E:\vs_test\ttc_4-3-4\src\api\windows_api\dtc_10_16_1\Debug\link.write.1.tlog
E:\vs_test\ttc_4-3-4\src\api\windows_api\dtc_10_16_1\Debug\_dtc_java_api.write.1.tlog
E:\vs_test\ttc_4-3-4\src\api\windows_api\dtc_10_16_1\Debug\vc110.idb
E:\vs_test\ttc_4-3-4\src\api\windows_api\dtc_10_16_1\Debug\vc110.pdb
E:\vs_test\ttc_4-3-4\src\api\windows_api\Debug\_dtc_java_api.pdb
E:\vs_test\ttc_4-3-4\src\api\windows_api\Debug\_dtc_java_api.dll
E:\vs_test\ttc_4-3-4\src\api\windows_api\Debug\_dtc_java_api.ilk
