E:\ECLIPSE\WINDOWS_API\DTC_10_16_1\DEBUG\BITSOP.OBJ
E:\ECLIPSE\WINDOWS_API\DTC_10_16_1\DEBUG\MD5.OBJ
E:\ECLIPSE\WINDOWS_API\DTC_10_16_1\DEBUG\VALUE.OBJ
E:\ECLIPSE\WINDOWS_API\DTC_10_16_1\DEBUG\VC110.PDB
E:\ECLIPSE\WINDOWS_API\DTC_10_16_1\DEBUG\BUFFER.OBJ
E:\ECLIPSE\WINDOWS_API\DTC_10_16_1\DEBUG\COMPRESS.OBJ
E:\ECLIPSE\WINDOWS_API\DTC_10_16_1\DEBUG\FIELD.OBJ
E:\ECLIPSE\WINDOWS_API\DTC_10_16_1\DEBUG\FIELD_API.OBJ
E:\ECLIPSE\WINDOWS_API\DTC_10_16_1\DEBUG\INDECODE.OBJ
E:\ECLIPSE\WINDOWS_API\DTC_10_16_1\DEBUG\JAVA_DTC_COMM.OBJ
E:\ECLIPSE\WINDOWS_API\DTC_10_16_1\DEBUG\JAVA_DTC_REQUEST.OBJ
E:\ECLIPSE\WINDOWS_API\DTC_10_16_1\DEBUG\JAVA_DTC_RESULT.OBJ
E:\ECLIPSE\WINDOWS_API\DTC_10_16_1\DEBUG\JAVA_DTC_SERVER.OBJ
E:\ECLIPSE\WINDOWS_API\DTC_10_16_1\DEBUG\KEYLIST.OBJ
E:\ECLIPSE\WINDOWS_API\DTC_10_16_1\DEBUG\PACKET_BASE.OBJ
E:\ECLIPSE\WINDOWS_API\DTC_10_16_1\DEBUG\PACKET_CLIENT.OBJ
E:\ECLIPSE\WINDOWS_API\DTC_10_16_1\DEBUG\SECTION.OBJ
E:\ECLIPSE\WINDOWS_API\DTC_10_16_1\DEBUG\SOCKADDR.OBJ
E:\ECLIPSE\WINDOWS_API\DTC_10_16_1\DEBUG\TABLEDEF.OBJ
E:\ECLIPSE\WINDOWS_API\DTC_10_16_1\DEBUG\TASK_BASE.OBJ
E:\ECLIPSE\WINDOWS_API\DTC_10_16_1\DEBUG\TASK_CONST.OBJ
E:\ECLIPSE\WINDOWS_API\DTC_10_16_1\DEBUG\TTCREQ.OBJ
E:\ECLIPSE\WINDOWS_API\DTC_10_16_1\DEBUG\TTCSRV.OBJ
E:\ECLIPSE\WINDOWS_API\DTC_10_16_1\DEBUG\TTCWRAP.OBJ
E:\eclipse\windows_api\Debug\windows_api.lib
E:\eclipse\windows_api\Debug\windows_api.exp
E:\eclipse\windows_api\dtc_10_16_1\Debug\bitsop.obj
E:\eclipse\windows_api\dtc_10_16_1\Debug\buffer.obj
E:\eclipse\windows_api\dtc_10_16_1\Debug\compress.obj
E:\eclipse\windows_api\dtc_10_16_1\Debug\field.obj
E:\eclipse\windows_api\dtc_10_16_1\Debug\field_api.obj
E:\eclipse\windows_api\dtc_10_16_1\Debug\indecode.obj
E:\eclipse\windows_api\dtc_10_16_1\Debug\java_dtc_comm.obj
E:\eclipse\windows_api\dtc_10_16_1\Debug\java_dtc_request.obj
E:\eclipse\windows_api\dtc_10_16_1\Debug\java_dtc_result.obj
E:\eclipse\windows_api\dtc_10_16_1\Debug\java_dtc_server.obj
E:\eclipse\windows_api\dtc_10_16_1\Debug\keylist.obj
E:\eclipse\windows_api\dtc_10_16_1\Debug\md5.obj
E:\eclipse\windows_api\dtc_10_16_1\Debug\packet_base.obj
E:\eclipse\windows_api\dtc_10_16_1\Debug\packet_client.obj
E:\eclipse\windows_api\dtc_10_16_1\Debug\section.obj
E:\eclipse\windows_api\dtc_10_16_1\Debug\sockaddr.obj
E:\eclipse\windows_api\dtc_10_16_1\Debug\tabledef.obj
E:\eclipse\windows_api\dtc_10_16_1\Debug\task_base.obj
E:\eclipse\windows_api\dtc_10_16_1\Debug\task_const.obj
E:\eclipse\windows_api\dtc_10_16_1\Debug\ttcreq.obj
E:\eclipse\windows_api\dtc_10_16_1\Debug\ttcsrv.obj
E:\eclipse\windows_api\dtc_10_16_1\Debug\ttcwrap.obj
E:\eclipse\windows_api\dtc_10_16_1\Debug\value.obj
E:\eclipse\windows_api\dtc_10_16_1\Debug\cl.command.1.tlog
E:\eclipse\windows_api\dtc_10_16_1\Debug\CL.read.1.tlog
E:\eclipse\windows_api\dtc_10_16_1\Debug\CL.write.1.tlog
E:\eclipse\windows_api\dtc_10_16_1\Debug\link-cvtres.read.1.tlog
E:\eclipse\windows_api\dtc_10_16_1\Debug\link-cvtres.write.1.tlog
E:\eclipse\windows_api\dtc_10_16_1\Debug\link-rc.read.1.tlog
E:\eclipse\windows_api\dtc_10_16_1\Debug\link-rc.write.1.tlog
E:\eclipse\windows_api\dtc_10_16_1\Debug\link.6756-cvtres.read.1.tlog
E:\eclipse\windows_api\dtc_10_16_1\Debug\link.6756-cvtres.write.1.tlog
E:\eclipse\windows_api\dtc_10_16_1\Debug\link.6756-rc.read.1.tlog
E:\eclipse\windows_api\dtc_10_16_1\Debug\link.6756-rc.write.1.tlog
E:\eclipse\windows_api\dtc_10_16_1\Debug\link.6756.read.1.tlog
E:\eclipse\windows_api\dtc_10_16_1\Debug\link.6756.write.1.tlog
E:\eclipse\windows_api\dtc_10_16_1\Debug\link.command.1.tlog
E:\eclipse\windows_api\dtc_10_16_1\Debug\link.read.1.tlog
E:\eclipse\windows_api\dtc_10_16_1\Debug\link.write.1.tlog
E:\eclipse\windows_api\dtc_10_16_1\Debug\windows_api.write.1.tlog
E:\eclipse\windows_api\dtc_10_16_1\Debug\vc110.idb
E:\eclipse\windows_api\dtc_10_16_1\Debug\vc110.pdb
E:\eclipse\windows_api\Debug\windows_api.pdb
